Practice_Week04/GameofLife/app/build/intermediates/manifest_merge_blame_file/debug/manifest-merger-blame-debug-report.txt
1<?xml version="1.0" encoding="utf-8"?>
2<manifest xmlns:android="http://schemas.android.com/apk/res/android"
3    package="ch.codebros.gameoflife"
4    android:versionCode="1"
5    android:versionName="1.0" >
6
7    <uses-sdk
8        android:minSdkVersion="33"
8-->src\main\AndroidManifest.xml
9        android:targetSdkVersion="33" />
9-->src\main\AndroidManifest.xml
10
11    <application
11-->src\main\AndroidManifest.xml:6:5-15:54
12        android:allowBackup="true"
12-->src\main\AndroidManifest.xml:7:13-39
13        android:appComponentFactory="androidx.core.app.CoreComponentFactory"
13-->[androidx.core:core:1.8.0] AndroidManifest.xml:24:18-86
14        android:dataExtractionRules="@xml/data_extraction_rules"
14-->src\main\AndroidManifest.xml:10:13-69
15        android:debuggable="true"
16        android:extractNativeLibs="false"
17        android:fullBackupContent="@xml/backup_rules"
17-->src\main\AndroidManifest.xml:8:13-58
18        android:icon="@mipmap/ic_launcher"
18-->src\main\AndroidManifest.xml:12:13-47
19        android:label="@string/app_name"
19-->src\main\AndroidManifest.xml:11:13-45
20        android:roundIcon="@mipmap/ic_launcher_round"
20-->src\main\AndroidManifest.xml:13:13-58
21        android:supportsRtl="true"
21-->src\main\AndroidManifest.xml:14:13-39
22        android:testOnly="true"
23        android:theme="@style/Theme.GameofLife" >
23-->src\main\AndroidManifest.xml:15:13-52
24        <provider
24-->[androidx.emoji2:emoji2:1.2.0] AndroidManifest.xml:24:9-32:20
25            android:name="androidx.startup.InitializationProvider"
25-->[androidx.emoji2:emoji2:1.2.0] AndroidManifest.xml:25:13-67
26            android:authorities="ch.codebros.gameoflife.androidx-startup"
26-->[androidx.emoji2:emoji2:1.2.0] AndroidManifest.xml:26:13-68
27            android:exported="false" >
27-->[androidx.emoji2:emoji2:1.2.0] AndroidManifest.xml:27:13-37
28            <meta-data
28-->[androidx.emoji2:emoji2:1.2.0] AndroidManifest.xml:29:13-31:52
29                android:name="androidx.emoji2.text.EmojiCompatInitializer"
29-->[androidx.emoji2:emoji2:1.2.0] AndroidManifest.xml:30:17-75
30                android:value="androidx.startup" />
30-->[androidx.emoji2:emoji2:1.2.0] AndroidManifest.xml:31:17-49
31            <meta-data
31-->[androidx.lifecycle:lifecycle-process:2.4.1] AndroidManifest.xml:31:13-33:52
32                android:name="androidx.lifecycle.ProcessLifecycleInitializer"
32-->[androidx.lifecycle:lifecycle-process:2.4.1] AndroidManifest.xml:32:17-78
33                android:value="androidx.startup" />
33-->[androidx.lifecycle:lifecycle-process:2.4.1] AndroidManifest.xml:33:17-49
34        </provider>
35    </application>
36
37</manifest>